build/app/intermediates/manifest_merge_blame_file/debug/manifest-merger-blame-debug-report.txt
1<?xml version="1.0" encoding="utf-8"?>
2<manifest xmlns:android="http://schemas.android.com/apk/res/android"
3    package="com.angad14723.getx_end2end"
4    android:versionCode="1"
5    android:versionName="1.0.0" >
6
7    <uses-sdk
8        android:minSdkVersion="27"
9        android:targetSdkVersion="30" />
10    <!--
11         Flutter needs it to communicate with the running application
12         to allow setting breakpoints, to provide hot reload, etc.
13    -->
14    <uses-permission android:name="android.permission.INTERNET" />
14-->src/debug/AndroidManifest.xml:6:5-66
14-->src/debug/AndroidManifest.xml:6:22-64
15    <!--
16     io.flutter.app.FlutterApplication is an android.app.Application that
17         calls FlutterMain.startInitialization(this); in its onCreate method.
18         In most cases you can leave this as-is, but you if you want to provide
19         additional functionality it is fine to subclass or reimplement
20         FlutterApplication and put your custom class here.
21    -->
22    <uses-permission android:name="android.permission.USE_FINGERPRINT" />
22-->src/main/AndroidManifest.xml:9:5-73
22-->src/main/AndroidManifest.xml:9:22-71
23    <uses-permission android:name="android.permission.RECEIVE_BOOT_COMPLETED" />
23-->src/main/AndroidManifest.xml:10:5-80
23-->src/main/AndroidManifest.xml:10:22-78
24    <uses-permission android:name="android.permission.WAKE_LOCK" />
24-->[:firebase_messaging] AndroidManifest.xml:8:5-68
24-->[:firebase_messaging] AndroidManifest.xml:8:22-65
25    <uses-permission android:name="android.permission.ACCESS_NETWORK_STATE" />
25-->[:firebase_messaging] AndroidManifest.xml:9:5-79
25-->[:firebase_messaging] AndroidManifest.xml:9:22-76
26    <uses-permission android:name="android.permission.CAMERA" />
26-->[:camera] AndroidManifest.xml:7:5-65
26-->[:camera] AndroidManifest.xml:7:22-62
27    <uses-permission android:name="android.permission.RECORD_AUDIO" />
27-->[:camera] AndroidManifest.xml:8:5-71
27-->[:camera] AndroidManifest.xml:8:22-68
28    <uses-permission android:name="android.permission.VIBRATE" />
28-->[:flutter_local_notifications] AndroidManifest.xml:8:5-66
28-->[:flutter_local_notifications] AndroidManifest.xml:8:22-63
29    <uses-permission android:name="android.permission.USE_FULL_SCREEN_INTENT" />
29-->[:flutter_local_notifications] AndroidManifest.xml:9:5-81
29-->[:flutter_local_notifications] AndroidManifest.xml:9:22-78
30    <uses-permission android:name="android.permission.USE_BIOMETRIC" /> <!-- Required by older versions of Google Play services to create IID tokens -->
30-->[androidx.biometric:biometric:1.0.0-beta01] AndroidManifest.xml:24:5-72
30-->[androidx.biometric:biometric:1.0.0-beta01] AndroidManifest.xml:24:22-69
31    <uses-permission android:name="com.google.android.c2dm.permission.RECEIVE" /> <!-- Don't require camera, as this requires a rear camera. This allows it to work on the Nexus 7 -->
31-->[com.google.firebase:firebase-iid:21.0.1] AndroidManifest.xml:26:5-82
31-->[com.google.firebase:firebase-iid:21.0.1] AndroidManifest.xml:26:22-79
32    <uses-feature
32-->[com.journeyapps:zxing-android-embedded:4.1.0] AndroidManifest.xml:25:5-27:36
33        android:name="android.hardware.camera"
33-->[com.journeyapps:zxing-android-embedded:4.1.0] AndroidManifest.xml:26:9-47
34        android:required="false" />
34-->[com.journeyapps:zxing-android-embedded:4.1.0] AndroidManifest.xml:27:9-33
35    <uses-feature
35-->[com.journeyapps:zxing-android-embedded:4.1.0] AndroidManifest.xml:28:5-30:36
36        android:name="android.hardware.camera.front"
36-->[com.journeyapps:zxing-android-embedded:4.1.0] AndroidManifest.xml:29:9-53
37        android:required="false" /> <!-- TODO replace above two with next line after Android 4.2 -->
37-->[com.journeyapps:zxing-android-embedded:4.1.0] AndroidManifest.xml:30:9-33
38    <!-- <uses-feature android:name="android.hardware.camera.any"/> -->
39    <uses-feature
39-->[com.journeyapps:zxing-android-embedded:4.1.0] AndroidManifest.xml:33:5-35:36
40        android:name="android.hardware.camera.autofocus"
40-->[com.journeyapps:zxing-android-embedded:4.1.0] AndroidManifest.xml:34:9-57
41        android:required="false" />
41-->[com.journeyapps:zxing-android-embedded:4.1.0] AndroidManifest.xml:35:9-33
42    <uses-feature
42-->[com.journeyapps:zxing-android-embedded:4.1.0] AndroidManifest.xml:36:5-38:36
43        android:name="android.hardware.camera.flash"
43-->[com.journeyapps:zxing-android-embedded:4.1.0] AndroidManifest.xml:37:9-53
44        android:required="false" />
44-->[com.journeyapps:zxing-android-embedded:4.1.0] AndroidManifest.xml:38:9-33
45    <uses-feature
45-->[com.journeyapps:zxing-android-embedded:4.1.0] AndroidManifest.xml:39:5-41:36
46        android:name="android.hardware.screen.landscape"
46-->[com.journeyapps:zxing-android-embedded:4.1.0] AndroidManifest.xml:40:9-57
47        android:required="false" />
47-->[com.journeyapps:zxing-android-embedded:4.1.0] AndroidManifest.xml:41:9-33
48    <uses-feature
48-->[com.journeyapps:zxing-android-embedded:4.1.0] AndroidManifest.xml:42:5-44:36
49        android:name="android.hardware.wifi"
49-->[com.journeyapps:zxing-android-embedded:4.1.0] AndroidManifest.xml:43:9-45
50        android:required="false" />
50-->[com.journeyapps:zxing-android-embedded:4.1.0] AndroidManifest.xml:44:9-33
51
52    <application
52-->src/main/AndroidManifest.xml:12:5-60:19
53        android:name="io.flutter.app.FlutterApplication"
53-->src/main/AndroidManifest.xml:13:9-57
54        android:appComponentFactory="androidx.core.app.CoreComponentFactory"
54-->[androidx.core:core:1.3.0] AndroidManifest.xml:24:18-86
55        android:debuggable="true"
56        android:icon="@mipmap/ic_launcher"
56-->src/main/AndroidManifest.xml:15:9-43
57        android:label="getx_end2end" >
57-->src/main/AndroidManifest.xml:14:9-37
58        <activity
58-->src/main/AndroidManifest.xml:16:9-46:20
59            android:name="com.angad14723.getx_end2end.MainActivity"
59-->src/main/AndroidManifest.xml:19:13-41
60            android:configChanges="orientation|keyboardHidden|keyboard|screenSize|smallestScreenSize|locale|layoutDirection|fontScale|screenLayout|density|uiMode"
60-->src/main/AndroidManifest.xml:22:13-163
61            android:hardwareAccelerated="true"
61-->src/main/AndroidManifest.xml:23:13-47
62            android:launchMode="singleTop"
62-->src/main/AndroidManifest.xml:20:13-43
63            android:showWhenLocked="true"
63-->src/main/AndroidManifest.xml:17:13-42
64            android:theme="@style/LaunchTheme"
64-->src/main/AndroidManifest.xml:21:13-47
65            android:turnScreenOn="true"
65-->src/main/AndroidManifest.xml:18:13-40
66            android:windowSoftInputMode="adjustResize" >
66-->src/main/AndroidManifest.xml:24:13-55
67
68            <!--
69                 Specifies an Android theme to apply to this Activity as soon as
70                 the Android process has started. This theme is visible to the user
71                 while the Flutter UI initializes. After that, this theme continues
72                 to determine the Window background behind the Flutter UI.
73            -->
74            <meta-data
74-->src/main/AndroidManifest.xml:29:13-32:17
75                android:name="io.flutter.embedding.android.NormalTheme"
75-->src/main/AndroidManifest.xml:30:15-70
76                android:resource="@style/NormalTheme" />
76-->src/main/AndroidManifest.xml:31:15-52
77            <!--
78                 Displays an Android View that continues showing the launch screen
79                 Drawable until Flutter paints its first frame, then this splash
80                 screen fades out. A splash screen is useful to avoid any visual
81                 gap between the end of Android's launch screen and the painting of
82                 Flutter's first frame.
83            -->
84            <meta-data
84-->src/main/AndroidManifest.xml:38:13-41:17
85                android:name="io.flutter.embedding.android.SplashScreenDrawable"
85-->src/main/AndroidManifest.xml:39:15-79
86                android:resource="@drawable/launch_background" />
86-->src/main/AndroidManifest.xml:40:15-61
87
88            <intent-filter>
88-->src/main/AndroidManifest.xml:42:13-45:29
89                <action android:name="android.intent.action.MAIN" />
89-->src/main/AndroidManifest.xml:43:17-68
89-->src/main/AndroidManifest.xml:43:25-66
90
91                <category android:name="android.intent.category.LAUNCHER" />
91-->src/main/AndroidManifest.xml:44:17-76
91-->src/main/AndroidManifest.xml:44:27-74
92            </intent-filter>
93        </activity>
94        <!--
95             Don't delete the meta-data below.
96             This is used by the Flutter tool to generate GeneratedPluginRegistrant.java
97        -->
98        <meta-data
98-->src/main/AndroidManifest.xml:49:9-51:33
99            android:name="flutterEmbedding"
99-->src/main/AndroidManifest.xml:50:13-44
100            android:value="2" />
100-->src/main/AndroidManifest.xml:51:13-30
101
102        <receiver android:name="com.dexterous.flutterlocalnotifications.ScheduledNotificationBootReceiver" >
102-->src/main/AndroidManifest.xml:53:9-58:20
102-->src/main/AndroidManifest.xml:53:19-107
103            <intent-filter>
103-->src/main/AndroidManifest.xml:54:13-57:29
104                <action android:name="android.intent.action.BOOT_COMPLETED" />
104-->src/main/AndroidManifest.xml:55:17-78
104-->src/main/AndroidManifest.xml:55:25-76
105                <action android:name="android.intent.action.MY_PACKAGE_REPLACED" />
105-->src/main/AndroidManifest.xml:56:17-83
105-->src/main/AndroidManifest.xml:56:25-81
106            </intent-filter>
107            <intent-filter>
107-->[:flutter_local_notifications] AndroidManifest.xml:14:13-19:29
108                <action android:name="android.intent.action.BOOT_COMPLETED" />
108-->src/main/AndroidManifest.xml:55:17-78
108-->src/main/AndroidManifest.xml:55:25-76
109                <action android:name="android.intent.action.MY_PACKAGE_REPLACED" />
109-->src/main/AndroidManifest.xml:56:17-83
109-->src/main/AndroidManifest.xml:56:25-81
110                <action android:name="android.intent.action.QUICKBOOT_POWERON" />
110-->[:flutter_local_notifications] AndroidManifest.xml:17:17-82
110-->[:flutter_local_notifications] AndroidManifest.xml:17:25-79
111                <action android:name="com.htc.intent.action.QUICKBOOT_POWERON" />
111-->[:flutter_local_notifications] AndroidManifest.xml:18:17-82
111-->[:flutter_local_notifications] AndroidManifest.xml:18:25-79
112            </intent-filter>
113        </receiver>
114
115        <service
115-->[:firebase_messaging] AndroidManifest.xml:12:9-15:72
116            android:name="io.flutter.plugins.firebase.messaging.FlutterFirebaseMessagingBackgroundService"
116-->[:firebase_messaging] AndroidManifest.xml:13:13-107
117            android:exported="false"
117-->[:firebase_messaging] AndroidManifest.xml:14:13-37
118            android:permission="android.permission.BIND_JOB_SERVICE" />
118-->[:firebase_messaging] AndroidManifest.xml:15:13-69
119        <service
119-->[:firebase_messaging] AndroidManifest.xml:16:9-22:19
120            android:name="io.flutter.plugins.firebase.messaging.FlutterFirebaseMessagingService"
120-->[:firebase_messaging] AndroidManifest.xml:17:13-97
121            android:exported="false" >
121-->[:firebase_messaging] AndroidManifest.xml:18:13-37
122            <intent-filter>
122-->[:firebase_messaging] AndroidManifest.xml:19:13-21:29
123                <action android:name="com.google.firebase.MESSAGING_EVENT" />
123-->[:firebase_messaging] AndroidManifest.xml:20:17-78
123-->[:firebase_messaging] AndroidManifest.xml:20:25-75
124            </intent-filter>
125        </service>
126
127        <receiver
127-->[:firebase_messaging] AndroidManifest.xml:24:9-31:20
128            android:name="io.flutter.plugins.firebase.messaging.FlutterFirebaseMessagingReceiver"
128-->[:firebase_messaging] AndroidManifest.xml:25:13-98
129            android:exported="true"
129-->[:firebase_messaging] AndroidManifest.xml:26:13-36
130            android:permission="com.google.android.c2dm.permission.SEND" >
130-->[:firebase_messaging] AndroidManifest.xml:27:13-73
131            <intent-filter>
131-->[:firebase_messaging] AndroidManifest.xml:28:13-30:29
132                <action android:name="com.google.android.c2dm.intent.RECEIVE" />
132-->[:firebase_messaging] AndroidManifest.xml:29:17-81
132-->[:firebase_messaging] AndroidManifest.xml:29:25-78
133            </intent-filter>
134        </receiver>
135
136        <service
136-->[:firebase_messaging] AndroidManifest.xml:33:9-37:19
137            android:name="com.google.firebase.components.ComponentDiscoveryService"
137-->[:firebase_messaging] AndroidManifest.xml:33:18-89
138            android:directBootAware="true"
138-->[com.google.firebase:firebase-common:19.5.0] AndroidManifest.xml:35:13-43
139            android:exported="false" >
139-->[com.google.firebase:firebase-messaging:21.0.1] AndroidManifest.xml:38:13-37
140            <meta-data
140-->[:firebase_messaging] AndroidManifest.xml:34:13-36:85
141                android:name="com.google.firebase.components:io.flutter.plugins.firebase.messaging.FlutterFirebaseAppRegistrar"
141-->[:firebase_messaging] AndroidManifest.xml:35:17-128
142                android:value="com.google.firebase.components.ComponentRegistrar" />
142-->[:firebase_messaging] AndroidManifest.xml:36:17-82
143            <meta-data
143-->[:firebase_ml_vision] AndroidManifest.xml:9:13-11:85
144                android:name="com.google.firebase.components:io.flutter.plugins.firebasemlvision.FlutterFirebaseAppRegistrar"
144-->[:firebase_ml_vision] AndroidManifest.xml:10:17-126
145                android:value="com.google.firebase.components.ComponentRegistrar" />
145-->[:firebase_ml_vision] AndroidManifest.xml:11:17-82
146            <meta-data
146-->[:firebase_core] AndroidManifest.xml:9:13-11:85
147                android:name="com.google.firebase.components:io.flutter.plugins.firebase.core.FlutterFirebaseCoreRegistrar"
147-->[:firebase_core] AndroidManifest.xml:10:17-124
148                android:value="com.google.firebase.components.ComponentRegistrar" />
148-->[:firebase_core] AndroidManifest.xml:11:17-82
149            <meta-data
149-->[com.google.firebase:firebase-messaging:21.0.1] AndroidManifest.xml:39:13-41:85
150                android:name="com.google.firebase.components:com.google.firebase.messaging.FirebaseMessagingRegistrar"
150-->[com.google.firebase:firebase-messaging:21.0.1] AndroidManifest.xml:40:17-119
151                android:value="com.google.firebase.components.ComponentRegistrar" />
151-->[com.google.firebase:firebase-messaging:21.0.1] AndroidManifest.xml:41:17-82
152            <meta-data
152-->[com.google.firebase:firebase-iid:21.0.1] AndroidManifest.xml:32:13-34:85
153                android:name="com.google.firebase.components:com.google.firebase.iid.Registrar"
153-->[com.google.firebase:firebase-iid:21.0.1] AndroidManifest.xml:33:17-96
154                android:value="com.google.firebase.components.ComponentRegistrar" />
154-->[com.google.firebase:firebase-iid:21.0.1] AndroidManifest.xml:34:17-82
155            <meta-data
155-->[com.google.firebase:firebase-ml-vision:24.1.0] AndroidManifest.xml:12:13-14:85
156                android:name="com.google.firebase.components:com.google.firebase.ml.vision.VisionRegistrar"
156-->[com.google.firebase:firebase-ml-vision:24.1.0] AndroidManifest.xml:13:17-108
157                android:value="com.google.firebase.components.ComponentRegistrar" />
157-->[com.google.firebase:firebase-ml-vision:24.1.0] AndroidManifest.xml:14:17-82
158            <meta-data
158-->[com.google.firebase:firebase-ml-model-interpreter:22.0.4] AndroidManifest.xml:12:13-14:85
159                android:name="com.google.firebase.components:com.google.firebase.ml.custom.CustomModelRegistrar"
159-->[com.google.firebase:firebase-ml-model-interpreter:22.0.4] AndroidManifest.xml:13:17-113
160                android:value="com.google.firebase.components.ComponentRegistrar" />
160-->[com.google.firebase:firebase-ml-model-interpreter:22.0.4] AndroidManifest.xml:14:17-82
161            <meta-data
161-->[com.google.firebase:firebase-ml-common:22.1.2] AndroidManifest.xml:11:13-13:85
162                android:name="com.google.firebase.components:com.google.firebase.ml.common.CommonComponentRegistrar"
162-->[com.google.firebase:firebase-ml-common:22.1.2] AndroidManifest.xml:12:17-117
163                android:value="com.google.firebase.components.ComponentRegistrar" />
163-->[com.google.firebase:firebase-ml-common:22.1.2] AndroidManifest.xml:13:17-82
164            <meta-data
164-->[com.google.firebase:firebase-datatransport:17.0.10] AndroidManifest.xml:28:13-30:85
165                android:name="com.google.firebase.components:com.google.firebase.datatransport.TransportRegistrar"
165-->[com.google.firebase:firebase-datatransport:17.0.10] AndroidManifest.xml:29:17-115
166                android:value="com.google.firebase.components.ComponentRegistrar" />
166-->[com.google.firebase:firebase-datatransport:17.0.10] AndroidManifest.xml:30:17-82
167            <meta-data
167-->[com.google.firebase:firebase-installations:16.3.5] AndroidManifest.xml:18:13-20:85
168                android:name="com.google.firebase.components:com.google.firebase.installations.FirebaseInstallationsRegistrar"
168-->[com.google.firebase:firebase-installations:16.3.5] AndroidManifest.xml:19:17-127
169                android:value="com.google.firebase.components.ComponentRegistrar" />
169-->[com.google.firebase:firebase-installations:16.3.5] AndroidManifest.xml:20:17-82
170            <!--
171                This registrar is not defined in the dynamic-module-support sdk itself to allow non-firebase
172                clients to use it as well, by defining this registrar in their own core/common library.
173            -->
174            <meta-data
174-->[com.google.firebase:firebase-common:19.5.0] AndroidManifest.xml:43:13-45:85
175                android:name="com.google.firebase.components:com.google.firebase.dynamicloading.DynamicLoadingRegistrar"
175-->[com.google.firebase:firebase-common:19.5.0] AndroidManifest.xml:44:17-121
176                android:value="com.google.firebase.components.ComponentRegistrar" />
176-->[com.google.firebase:firebase-common:19.5.0] AndroidManifest.xml:45:17-82
177        </service>
178
179        <provider
179-->[:firebase_messaging] AndroidManifest.xml:39:9-43:38
180            android:name="io.flutter.plugins.firebase.messaging.FlutterFirebaseMessagingInitProvider"
180-->[:firebase_messaging] AndroidManifest.xml:40:13-102
181            android:authorities="com.angad14723.getx_end2end.flutterfirebasemessaginginitprovider"
181-->[:firebase_messaging] AndroidManifest.xml:41:13-88
182            android:exported="false"
182-->[:firebase_messaging] AndroidManifest.xml:42:13-37
183            android:initOrder="99" />
183-->[:firebase_messaging] AndroidManifest.xml:43:13-35
184
185        <receiver android:name="com.dexterous.flutterlocalnotifications.ScheduledNotificationReceiver" />
185-->[:flutter_local_notifications] AndroidManifest.xml:12:9-106
185-->[:flutter_local_notifications] AndroidManifest.xml:12:19-103
186
187        <activity
187-->[androidx.biometric:biometric:1.0.0-beta01] AndroidManifest.xml:28:9-30:67
188            android:name="androidx.biometric.DeviceCredentialHandlerActivity"
188-->[androidx.biometric:biometric:1.0.0-beta01] AndroidManifest.xml:29:13-78
189            android:theme="@style/DeviceCredentialHandlerTheme" />
189-->[androidx.biometric:biometric:1.0.0-beta01] AndroidManifest.xml:30:13-64
190        <!--
191             FirebaseMessagingService performs security checks at runtime,
192             but set to not exported to explicitly avoid allowing another app to call it.
193        -->
194        <service
194-->[com.google.firebase:firebase-messaging:21.0.1] AndroidManifest.xml:28:9-35:19
195            android:name="com.google.firebase.messaging.FirebaseMessagingService"
195-->[com.google.firebase:firebase-messaging:21.0.1] AndroidManifest.xml:29:13-82
196            android:directBootAware="true"
196-->[com.google.firebase:firebase-messaging:21.0.1] AndroidManifest.xml:30:13-43
197            android:exported="false" >
197-->[com.google.firebase:firebase-messaging:21.0.1] AndroidManifest.xml:31:13-37
198            <intent-filter android:priority="-500" >
198-->[:firebase_messaging] AndroidManifest.xml:19:13-21:29
199                <action android:name="com.google.firebase.MESSAGING_EVENT" />
199-->[:firebase_messaging] AndroidManifest.xml:20:17-78
199-->[:firebase_messaging] AndroidManifest.xml:20:25-75
200            </intent-filter>
201        </service>
202
203        <receiver
203-->[com.google.firebase:firebase-iid:21.0.1] AndroidManifest.xml:37:9-44:20
204            android:name="com.google.firebase.iid.FirebaseInstanceIdReceiver"
204-->[com.google.firebase:firebase-iid:21.0.1] AndroidManifest.xml:38:13-78
205            android:exported="true"
205-->[com.google.firebase:firebase-iid:21.0.1] AndroidManifest.xml:39:13-36
206            android:permission="com.google.android.c2dm.permission.SEND" >
206-->[com.google.firebase:firebase-iid:21.0.1] AndroidManifest.xml:40:13-73
207            <intent-filter>
207-->[:firebase_messaging] AndroidManifest.xml:28:13-30:29
208                <action android:name="com.google.android.c2dm.intent.RECEIVE" />
208-->[:firebase_messaging] AndroidManifest.xml:29:17-81
208-->[:firebase_messaging] AndroidManifest.xml:29:25-78
209            </intent-filter>
210        </receiver>
211
212        <activity
212-->[com.google.android.gms:play-services-base:17.0.0] AndroidManifest.xml:23:9-26:75
213            android:name="com.google.android.gms.common.api.GoogleApiActivity"
213-->[com.google.android.gms:play-services-base:17.0.0] AndroidManifest.xml:24:13-79
214            android:exported="false"
214-->[com.google.android.gms:play-services-base:17.0.0] AndroidManifest.xml:25:13-37
215            android:theme="@android:style/Theme.Translucent.NoTitleBar" />
215-->[com.google.android.gms:play-services-base:17.0.0] AndroidManifest.xml:26:13-72
216
217        <provider
217-->[com.google.firebase:firebase-common:19.5.0] AndroidManifest.xml:26:9-31:39
218            android:name="com.google.firebase.provider.FirebaseInitProvider"
218-->[com.google.firebase:firebase-common:19.5.0] AndroidManifest.xml:27:13-77
219            android:authorities="com.angad14723.getx_end2end.firebaseinitprovider"
219-->[com.google.firebase:firebase-common:19.5.0] AndroidManifest.xml:28:13-72
220            android:directBootAware="true"
220-->[com.google.firebase:firebase-common:19.5.0] AndroidManifest.xml:29:13-43
221            android:exported="false"
221-->[com.google.firebase:firebase-common:19.5.0] AndroidManifest.xml:30:13-37
222            android:initOrder="100" />
222-->[com.google.firebase:firebase-common:19.5.0] AndroidManifest.xml:31:13-36
223
224        <meta-data
224-->[com.google.android.gms:play-services-basement:17.0.0] AndroidManifest.xml:23:9-25:69
225            android:name="com.google.android.gms.version"
225-->[com.google.android.gms:play-services-basement:17.0.0] AndroidManifest.xml:24:13-58
226            android:value="@integer/google_play_services_version" />
226-->[com.google.android.gms:play-services-basement:17.0.0] AndroidManifest.xml:25:13-66
227
228        <service
228-->[com.google.android.datatransport:transport-backend-cct:2.3.3] AndroidManifest.xml:29:9-35:19
229            android:name="com.google.android.datatransport.runtime.backends.TransportBackendDiscovery"
229-->[com.google.android.datatransport:transport-backend-cct:2.3.3] AndroidManifest.xml:30:13-103
230            android:exported="false" >
230-->[com.google.android.datatransport:transport-backend-cct:2.3.3] AndroidManifest.xml:31:13-37
231            <meta-data
231-->[com.google.android.datatransport:transport-backend-cct:2.3.3] AndroidManifest.xml:32:13-34:39
232                android:name="backend:com.google.android.datatransport.cct.CctBackendFactory"
232-->[com.google.android.datatransport:transport-backend-cct:2.3.3] AndroidManifest.xml:33:17-94
233                android:value="cct" />
233-->[com.google.android.datatransport:transport-backend-cct:2.3.3] AndroidManifest.xml:34:17-36
234        </service>
235        <service
235-->[com.google.android.datatransport:transport-runtime:2.2.5] AndroidManifest.xml:26:9-30:19
236            android:name="com.google.android.datatransport.runtime.scheduling.jobscheduling.JobInfoSchedulerService"
236-->[com.google.android.datatransport:transport-runtime:2.2.5] AndroidManifest.xml:27:13-117
237            android:exported="false"
237-->[com.google.android.datatransport:transport-runtime:2.2.5] AndroidManifest.xml:28:13-37
238            android:permission="android.permission.BIND_JOB_SERVICE" >
238-->[com.google.android.datatransport:transport-runtime:2.2.5] AndroidManifest.xml:29:13-69
239        </service>
240
241        <receiver
241-->[com.google.android.datatransport:transport-runtime:2.2.5] AndroidManifest.xml:32:9-34:40
242            android:name="com.google.android.datatransport.runtime.scheduling.jobscheduling.AlarmManagerSchedulerBroadcastReceiver"
242-->[com.google.android.datatransport:transport-runtime:2.2.5] AndroidManifest.xml:33:13-132
243            android:exported="false" />
243-->[com.google.android.datatransport:transport-runtime:2.2.5] AndroidManifest.xml:34:13-37
244
245        <activity
245-->[com.journeyapps:zxing-android-embedded:4.1.0] AndroidManifest.xml:47:9-53:63
246            android:name="com.journeyapps.barcodescanner.CaptureActivity"
246-->[com.journeyapps:zxing-android-embedded:4.1.0] AndroidManifest.xml:48:13-74
247            android:clearTaskOnLaunch="true"
247-->[com.journeyapps:zxing-android-embedded:4.1.0] AndroidManifest.xml:49:13-45
248            android:screenOrientation="sensorLandscape"
248-->[com.journeyapps:zxing-android-embedded:4.1.0] AndroidManifest.xml:50:13-56
249            android:stateNotNeeded="true"
249-->[com.journeyapps:zxing-android-embedded:4.1.0] AndroidManifest.xml:51:13-42
250            android:theme="@style/zxing_CaptureTheme"
250-->[com.journeyapps:zxing-android-embedded:4.1.0] AndroidManifest.xml:52:13-54
251            android:windowSoftInputMode="stateAlwaysHidden" />
251-->[com.journeyapps:zxing-android-embedded:4.1.0] AndroidManifest.xml:53:13-60
252    </application>
253
254</manifest>